<?xml version="1.0" encoding="UTF-8"?>
<!-- Generated by org.testng.reporters.JUnitXMLReporter -->
<testsuite ignored="2" hostname="Ashish" failures="0" tests="1" name="Default test" time="8.436" errors="0" timestamp="2023-04-02T06:42:51 IST">
  <testcase classname="testClasses.FirstTest" name="launch1" time="8.397"/>
  <testcase classname="testClasses.FirstTest" name="launch2" time="0.0">
    <ignored/>
  </testcase> <!-- launch2 -->
  <testcase classname="testClasses.FirstTest" name="launch3" time="0.0">
    <ignored/>
  </testcase> <!-- launch3 -->
</testsuite> <!-- Default test -->
