<?xml version="1.0" encoding="UTF-8"?>
<testng-results ignored="2" total="3" passed="1" failed="0" skipped="0">
  <reporter-output>
  </reporter-output>
  <suite started-at="2023-04-02T06:42:43 IST" name="Default suite" finished-at="2023-04-02T06:42:51 IST" duration-ms="8436">
    <groups>
    </groups>
    <test started-at="2023-04-02T06:42:43 IST" name="Default test" finished-at="2023-04-02T06:42:51 IST" duration-ms="8436">
      <class name="testClasses.FirstTest">
        <test-method signature="launch1()[pri:0, instance:testClasses.FirstTest@3c0be339]" started-at="2023-04-02T06:42:43 IST" name="launch1" finished-at="2023-04-02T06:42:51 IST" duration-ms="8397" status="PASS">
          <reporter-output>
          </reporter-output>
        </test-method> <!-- launch1 -->
      </class> <!-- testClasses.FirstTest -->
    </test> <!-- Default test -->
  </suite> <!-- Default suite -->
</testng-results>
